2025-04-24 14:12:51,580 - INFO - Токен бота загружен: MTA1NjI0MT...
2025-04-24 14:12:51,581 - INFO - Полная длина токена: 72 символов
2025-04-24 14:12:51,582 - INFO - Запуск бота...
2025-04-24 14:12:51,582 - WARNING - PyNaCl is not installed, voice will NOT be supported
2025-04-24 14:12:51,583 - INFO - Бот инициализирован с префиксом команд: !
2025-04-24 14:12:51,584 - INFO - logging in using static token
2025-04-24 14:12:52,334 - INFO - Бот DebilBot#0750 готов к работе на 0 серверах!
2025-04-24 14:12:52,809 - INFO - Shard ID None has connected to Gateway (Session ID: db611a3cdb9c7d1e62d2ccd0a0ccc827).
2025-04-24 14:16:48,551 - INFO - Токен бота загружен: MTA1NjI0MT...
2025-04-24 14:16:48,551 - INFO - Полная длина токена: 72 символов
2025-04-24 14:16:48,557 - INFO - Запуск бота...
2025-04-24 14:16:48,558 - WARNING - PyNaCl is not installed, voice will NOT be supported
2025-04-24 14:16:48,559 - INFO - Бот инициализирован с префиксом команд: !
2025-04-24 14:16:48,559 - INFO - logging in using static token
2025-04-24 14:16:49,514 - INFO - Бот DebilBot#0750 готов к работе на 0 серверах!
2025-04-24 14:16:49,988 - INFO - Shard ID None has connected to Gateway (Session ID: 9978056a11399d67022b14943be58e7f).
2025-04-24 14:16:58,268 - INFO - Токен бота загружен: MTA1NjI0MT...
2025-04-24 14:16:58,268 - INFO - Полная длина токена: 72 символов
2025-04-24 14:16:58,270 - INFO - Запуск бота...
2025-04-24 14:16:58,271 - WARNING - PyNaCl is not installed, voice will NOT be supported
2025-04-24 14:16:58,272 - INFO - Бот инициализирован с префиксом команд: !
2025-04-24 14:16:58,272 - INFO - logging in using static token
2025-04-24 14:16:59,084 - INFO - Бот DebilBot#0750 готов к работе на 0 серверах!
2025-04-24 14:16:59,572 - INFO - Shard ID None has connected to Gateway (Session ID: 7f26cbff603c473a5f13da31404fbcac).
2025-04-24 14:17:12,288 - INFO - Токен бота загружен: MTA1NjI0MT...
2025-04-24 14:17:12,289 - INFO - Полная длина токена: 72 символов
2025-04-24 14:17:12,290 - INFO - Запуск бота...
2025-04-24 14:17:12,291 - WARNING - PyNaCl is not installed, voice will NOT be supported
2025-04-24 14:17:12,291 - INFO - Бот инициализирован с префиксом команд: !
2025-04-24 14:17:12,292 - INFO - logging in using static token
2025-04-24 14:17:12,998 - INFO - Бот DebilBot#0750 готов к работе на 0 серверах!
2025-04-24 14:17:13,653 - INFO - Shard ID None has connected to Gateway (Session ID: dbc50a1ef4d2c784d63a967f399d384c).
2025-04-24 14:18:16,069 - INFO - Получено ЛС от xasdadads: впфа...
2025-04-24 14:18:16,643 - ERROR - Ошибка обработки ЛС: 1056241660666843186
2025-04-24 14:19:25,289 - INFO - Токен бота загружен: MTA1NjI0MT...
2025-04-24 14:19:25,289 - INFO - Полная длина токена: 72 символов
2025-04-24 14:19:25,293 - INFO - Запуск бота...
2025-04-24 14:19:25,293 - WARNING - PyNaCl is not installed, voice will NOT be supported
2025-04-24 14:19:25,294 - INFO - Бот инициализирован с префиксом команд: !
2025-04-24 14:19:25,294 - INFO - logging in using static token
2025-04-24 14:19:26,005 - INFO - Бот DebilBot#0750 готов к работе на 0 серверах!
2025-04-24 14:19:26,480 - INFO - Shard ID None has connected to Gateway (Session ID: 2fdd09ef60c912e08883678f7b1cd5b7).
2025-04-24 14:19:31,103 - INFO - Получено ЛС от xasdadads: хуй...
2025-04-24 14:19:31,623 - ERROR - Ошибка обработки ЛС: 1056241660666843186
2025-04-24 14:20:24,234 - INFO - Токен бота загружен: MTA1NjI0MT...
2025-04-24 14:20:24,234 - INFO - Полная длина токена: 72 символов
2025-04-24 14:20:24,238 - INFO - Запуск бота...
2025-04-24 14:20:24,238 - WARNING - PyNaCl is not installed, voice will NOT be supported
2025-04-24 14:20:24,239 - INFO - Бот инициализирован с префиксом команд: !
2025-04-24 14:20:24,240 - INFO - logging in using static token
2025-04-24 14:20:25,012 - INFO - Бот DebilBot#0750 готов к работе на 0 серверах!
2025-04-24 14:20:25,571 - INFO - Shard ID None has connected to Gateway (Session ID: e355f0aaad06f9bb941171bc3ec07b64).
2025-04-24 14:20:31,799 - INFO - Получено ЛС от xasdadads: ыапп...
2025-04-24 14:20:32,346 - ERROR - Ошибка обработки ЛС от пользователя 974107741142536232: 1056241660666843186
2025-04-24 14:20:59,612 - INFO - Токен бота загружен: MTA1NjI0MT...
2025-04-24 14:20:59,612 - INFO - Полная длина токена: 72 символов
2025-04-24 14:20:59,616 - INFO - Запуск бота...
2025-04-24 14:20:59,617 - WARNING - PyNaCl is not installed, voice will NOT be supported
2025-04-24 14:20:59,617 - INFO - Бот инициализирован с префиксом команд: !
2025-04-24 14:20:59,618 - INFO - logging in using static token
2025-04-24 14:21:00,407 - INFO - Бот DebilBot#0750 готов к работе на 0 серверах!
2025-04-24 14:21:00,902 - INFO - Shard ID None has connected to Gateway (Session ID: 18d0baf75e74dc4c3c7534f53ae5b078).
2025-04-24 14:21:08,867 - INFO - Получено ЛС от xasdadads: ьол...
2025-04-24 14:21:09,408 - INFO - Начало создания анонимного чата для пользователя 974107741142536232 на сервере Kaisurina's server
2025-04-24 14:21:09,409 - ERROR - Сервер Kaisurina's server не настроен
2025-04-24 14:21:59,548 - INFO - Токен бота загружен: MTA1NjI0MT...
2025-04-24 14:21:59,548 - INFO - Полная длина токена: 72 символов
2025-04-24 14:21:59,550 - INFO - Запуск бота...
2025-04-24 14:21:59,550 - WARNING - PyNaCl is not installed, voice will NOT be supported
2025-04-24 14:21:59,551 - INFO - Бот инициализирован с префиксом команд: !
2025-04-24 14:21:59,551 - INFO - logging in using static token
2025-04-24 14:22:00,287 - INFO - Бот DebilBot#0750 готов к работе на 0 серверах!
2025-04-24 14:22:00,775 - INFO - Shard ID None has connected to Gateway (Session ID: f78a5839780ebb977faad4f808151c97).
2025-04-24 14:22:08,691 - INFO - Получено ЛС от xasdadads: отшл...
2025-04-24 14:22:09,250 - INFO - Начало создания анонимного чата для пользователя 974107741142536232 на сервере Kaisurina's server
2025-04-24 14:22:09,251 - ERROR - Сервер Kaisurina's server не настроен
2025-04-24 14:22:22,103 - ERROR - Ignoring exception in command None
discord.ext.commands.errors.CommandNotFound: Command "anoninit" is not found
2025-04-24 14:22:30,777 - ERROR - Ignoring exception in command None
discord.ext.commands.errors.CommandNotFound: Command "anoninit" is not found
2025-04-24 14:22:35,080 - INFO - Получено ЛС от xasdadads: !anoninit...
2025-04-24 14:22:35,684 - INFO - Начало создания анонимного чата для пользователя 974107741142536232 на сервере Kaisurina's server
2025-04-24 14:22:35,685 - ERROR - Сервер Kaisurina's server не настроен
2025-04-24 14:22:35,950 - ERROR - Ignoring exception in command None
discord.ext.commands.errors.CommandNotFound: Command "anoninit" is not found
2025-04-24 14:23:42,882 - INFO - Токен бота загружен: MTA1NjI0MT...
2025-04-24 14:23:42,882 - INFO - Полная длина токена: 72 символов
2025-04-24 14:25:54,934 - INFO - Токен бота загружен: MTA1NjI0MT...
2025-04-24 14:25:54,934 - INFO - Полная длина токена: 72 символов
2025-04-24 14:25:54,940 - INFO - Запуск бота...
2025-04-24 14:25:54,940 - WARNING - PyNaCl is not installed, voice will NOT be supported
2025-04-24 14:25:54,941 - INFO - Бот инициализирован с префиксом команд: !
2025-04-24 14:25:54,942 - INFO - logging in using static token
2025-04-24 14:25:55,939 - INFO - Бот DebilBot#0750 готов к работе на 0 серверах!
2025-04-24 14:25:56,489 - INFO - Shard ID None has connected to Gateway (Session ID: b2c4d5e6116d521980b4eb2ed45bf278).
2025-04-24 14:26:04,895 - INFO - Получено ЛС от xasdadads: вафпвапрфывфыр...
2025-04-24 14:26:05,412 - INFO - Автоматическая инициализация сервера Kaisurina's server
2025-04-24 14:26:05,944 - INFO - Удален канал anonymous-logs в категории Anonymous Chats
2025-04-24 14:26:06,310 - INFO - Удалена старая категория Anonymous Chats
2025-04-24 14:26:06,615 - INFO - Создана новая категория Anonymous Chats на сервере Kaisurina's server
2025-04-24 14:26:07,138 - INFO - Создан лог-канал anonymous-logs на сервере Kaisurina's server
2025-04-24 14:26:07,396 - INFO - Сервер Kaisurina's server успешно инициализирован
2025-04-24 14:26:07,396 - INFO - Начало создания анонимного чата для пользователя 974107741142536232 на сервере Kaisurina's server
2025-04-24 14:26:07,707 - INFO - Создан канал anon-chat-1 для пользователя 974107741142536232
2025-04-24 14:26:09,082 - INFO - Анонимный чат успешно создан для пользователя 974107741142536232
2025-04-24 14:26:19,529 - INFO - Токен бота загружен: MTA1NjI0MT...
2025-04-24 14:26:19,530 - INFO - Полная длина токена: 72 символов
2025-04-24 14:26:19,531 - INFO - Запуск бота...
2025-04-24 14:26:19,532 - WARNING - PyNaCl is not installed, voice will NOT be supported
2025-04-24 14:26:19,532 - INFO - Бот инициализирован с префиксом команд: !
2025-04-24 14:26:19,533 - INFO - logging in using static token
2025-04-24 14:26:22,292 - INFO - Бот DebilBot#0750 готов к работе на 0 серверах!
2025-04-24 14:26:22,907 - INFO - Shard ID None has connected to Gateway (Session ID: 6da9a5b7d1c348299ac86f96a4d53992).
2025-04-24 14:26:50,357 - INFO - Токен бота загружен: MTA1NjI0MT...
2025-04-24 14:26:50,357 - INFO - Полная длина токена: 72 символов
2025-04-24 14:26:50,359 - INFO - Запуск бота...
2025-04-24 14:26:50,359 - WARNING - PyNaCl is not installed, voice will NOT be supported
2025-04-24 14:26:50,360 - INFO - Бот инициализирован с префиксом команд: !
2025-04-24 14:26:50,360 - INFO - logging in using static token
2025-04-24 14:26:51,127 - INFO - Бот DebilBot#0750 готов к работе на 0 серверах!
2025-04-24 14:26:51,669 - INFO - Shard ID None has connected to Gateway (Session ID: 79b196af495ca14032cb79e5514e8542).
2025-04-24 14:27:12,505 - INFO - Получено ЛС от xasdadads: ыапоыавпоалэ...
2025-04-24 14:27:13,121 - INFO - Автоматическая инициализация сервера Kaisurina's server
2025-04-24 14:27:13,403 - INFO - Удален канал anonymous-logs в категории Anonymous Chats
2025-04-24 14:27:13,709 - INFO - Удален канал anon-chat-1 в категории Anonymous Chats
2025-04-24 14:27:14,067 - INFO - Удалена старая категория Anonymous Chats
2025-04-24 14:27:14,454 - INFO - Создана новая категория Anonymous Chats на сервере Kaisurina's server
2025-04-24 14:27:14,721 - INFO - Создан лог-канал anonymous-logs на сервере Kaisurina's server
2025-04-24 14:27:14,942 - INFO - Сервер Kaisurina's server успешно инициализирован
2025-04-24 14:27:14,943 - INFO - Начало создания анонимного чата для пользователя 974107741142536232 на сервере Kaisurina's server
2025-04-24 14:27:15,423 - INFO - Создан канал anon-chat-1 для пользователя 974107741142536232
2025-04-24 14:27:16,832 - INFO - Анонимный чат успешно создан для пользователя 974107741142536232
2025-04-24 14:28:18,215 - INFO - Получено ЛС от ars_ants: Привет...
2025-04-24 14:28:18,756 - INFO - Начало создания анонимного чата для пользователя 937489639856553995 на сервере Kaisurina's server
2025-04-24 14:28:19,091 - INFO - Создан канал anon-chat-2 для пользователя 937489639856553995
2025-04-24 14:28:20,657 - INFO - Анонимный чат успешно создан для пользователя 937489639856553995
2025-04-24 14:28:29,960 - INFO - Получено ЛС от ars_ants: Сосал?...
2025-04-24 14:28:45,948 - INFO - Получено ЛС от ars_ants: ...
2025-04-24 14:28:45,948 - INFO - Вложения: ['photo_2025-04-15_18-30-34.jpg']
