2025-04-24 14:50:51,158 - ERROR - Токен бота не найден в переменных окружения!
2025-04-24 14:50:51,159 - ERROR - Убедитесь, что файл /opt/discordBot/anon-bot/.env существует и содержит DISCORD_BOT_TOKEN=ваш_токен
2025-04-24 14:51:01,646 - ERROR - Токен бота не найден в переменных окружения!
2025-04-24 14:51:01,655 - ERROR - Убедитесь, что файл /opt/discordBot/anon-bot/.env существует и содержит DISCORD_BOT_TOKEN=ваш_токен
2025-04-24 14:51:12,092 - ERROR - Токен бота не найден в переменных окружения!
2025-04-24 14:51:12,093 - ERROR - Убедитесь, что файл /opt/discordBot/anon-bot/.env существует и содержит DISCORD_BOT_TOKEN=ваш_токен
2025-04-24 14:51:22,562 - ERROR - Токен бота не найден в переменных окружения!
2025-04-24 14:51:22,563 - ERROR - Убедитесь, что файл /opt/discordBot/anon-bot/.env существует и содержит DISCORD_BOT_TOKEN=ваш_токен
2025-04-24 14:51:33,057 - ERROR - Токен бота не найден в переменных окружения!
2025-04-24 14:51:33,057 - ERROR - Убедитесь, что файл /opt/discordBot/anon-bot/.env существует и содержит DISCORD_BOT_TOKEN=ваш_токен
2025-04-24 14:51:43,564 - ERROR - Токен бота не найден в переменных окружения!
2025-04-24 14:51:43,564 - ERROR - Убедитесь, что файл /opt/discordBot/anon-bot/.env существует и содержит DISCORD_BOT_TOKEN=ваш_токен
2025-04-24 14:51:54,063 - ERROR - Токен бота не найден в переменных окружения!
2025-04-24 14:51:54,064 - ERROR - Убедитесь, что файл /opt/discordBot/anon-bot/.env существует и содержит DISCORD_BOT_TOKEN=ваш_токен
2025-04-24 14:52:04,607 - ERROR - Токен бота не найден в переменных окружения!
2025-04-24 14:52:04,607 - ERROR - Убедитесь, что файл /opt/discordBot/anon-bot/.env существует и содержит DISCORD_BOT_TOKEN=ваш_токен
2025-04-24 14:52:15,054 - ERROR - Токен бота не найден в переменных окружения!
2025-04-24 14:52:15,054 - ERROR - Убедитесь, что файл /opt/discordBot/anon-bot/.env существует и содержит DISCORD_BOT_TOKEN=ваш_токен
2025-04-24 14:52:25,626 - ERROR - Токен бота не найден в переменных окружения!
2025-04-24 14:52:25,627 - ERROR - Убедитесь, что файл /opt/discordBot/anon-bot/.env существует и содержит DISCORD_BOT_TOKEN=ваш_токен
2025-04-24 14:52:36,106 - ERROR - Токен бота не найден в переменных окружения!
2025-04-24 14:52:36,106 - ERROR - Убедитесь, что файл /opt/discordBot/anon-bot/.env существует и содержит DISCORD_BOT_TOKEN=ваш_токен
2025-04-24 14:52:46,539 - ERROR - Токен бота не найден в переменных окружения!
2025-04-24 14:52:46,539 - ERROR - Убедитесь, что файл /opt/discordBot/anon-bot/.env существует и содержит DISCORD_BOT_TOKEN=ваш_токен
2025-04-24 14:52:57,058 - ERROR - Токен бота не найден в переменных окружения!
2025-04-24 14:52:57,058 - ERROR - Убедитесь, что файл /opt/discordBot/anon-bot/.env существует и содержит DISCORD_BOT_TOKEN=ваш_токен
2025-04-24 14:53:07,586 - ERROR - Токен бота не найден в переменных окружения!
2025-04-24 14:53:07,587 - ERROR - Убедитесь, что файл /opt/discordBot/anon-bot/.env существует и содержит DISCORD_BOT_TOKEN=ваш_токен
2025-04-24 14:53:18,082 - ERROR - Токен бота не найден в переменных окружения!
2025-04-24 14:53:18,083 - ERROR - Убедитесь, что файл /opt/discordBot/anon-bot/.env существует и содержит DISCORD_BOT_TOKEN=ваш_токен
2025-04-24 14:53:28,587 - ERROR - Токен бота не найден в переменных окружения!
2025-04-24 14:53:28,597 - ERROR - Убедитесь, что файл /opt/discordBot/anon-bot/.env существует и содержит DISCORD_BOT_TOKEN=ваш_токен
2025-04-24 14:53:39,177 - ERROR - Токен бота не найден в переменных окружения!
2025-04-24 14:53:39,178 - ERROR - Убедитесь, что файл /opt/discordBot/anon-bot/.env существует и содержит DISCORD_BOT_TOKEN=ваш_токен
2025-04-24 14:53:49,561 - ERROR - Токен бота не найден в переменных окружения!
2025-04-24 14:53:49,561 - ERROR - Убедитесь, что файл /opt/discordBot/anon-bot/.env существует и содержит DISCORD_BOT_TOKEN=ваш_токен
2025-04-24 14:54:00,097 - INFO - Токен бота загружен: MTA1NjI0MT...
2025-04-24 14:54:00,097 - INFO - Полная длина токена: 72 символов
2025-04-24 14:54:00,099 - INFO - Запуск бота...
2025-04-24 14:54:00,099 - WARNING - PyNaCl is not installed, voice will NOT be supported
2025-04-24 14:54:00,100 - INFO - Бот инициализирован с префиксом команд: !
2025-04-24 14:54:00,100 - INFO - logging in using static token
2025-04-24 14:54:00,760 - INFO - Бот DebilBot#0750 готов к работе на 0 серверах!
2025-04-24 14:54:01,284 - INFO - Shard ID None has connected to Gateway (Session ID: 74ce60e2ebd55efdd88eaad0544e9f9e).
